16/09/2019 14:46:54 (Std) 	+-+-+-+-+-+-+-+-+-+-+-+-+-+-+-+-+-+-+-+-+-+-+-+-+-+-+-+-+-+-+-+-+-+-+-+-+-+-+-+
16/09/2019 14:46:54 (Std) 	+                     Crazy Eddie's GUI System - Event log                    +
16/09/2019 14:46:54 (Std) 	+                          (http://www.cegui.org.uk/)                         +
16/09/2019 14:46:54 (Std) 	+-+-+-+-+-+-+-+-+-+-+-+-+-+-+-+-+-+-+-+-+-+-+-+-+-+-+-+-+-+-+-+-+-+-+-+-+-+-+-+

16/09/2019 14:46:54 (Std) 	CEGUI::Logger singleton created. (0A119DD0)
16/09/2019 14:46:54 (Std) 	
16/09/2019 14:46:54 (Std) 	********************************************************************************
16/09/2019 14:46:54 (Std) 	* Important:                                                                   *
16/09/2019 14:46:54 (Std) 	*     To get support at the CEGUI forums, you must post _at least_ the section *
16/09/2019 14:46:54 (Std) 	*     of this log file indicated below.  Failure to do this will result in no  *
16/09/2019 14:46:54 (Std) 	*     support being given; please do not waste our time.                       *
16/09/2019 14:46:54 (Std) 	********************************************************************************
16/09/2019 14:46:54 (Std) 	********************************************************************************
16/09/2019 14:46:54 (Std) 	* -------- START OF ESSENTIAL SECTION TO BE POSTED ON THE FORUM       -------- *
16/09/2019 14:46:54 (Std) 	********************************************************************************
16/09/2019 14:46:54 (Std) 	---- Version: 0.8.7 (Build: Sep 16 2019 Debug Microsoft Windows MSVC++ Unknown MSVC++ version 32 bit) ----
16/09/2019 14:46:54 (Std) 	---- Renderer module is: CEGUI::OpenGL3Renderer - Official OpenGL 3.2 core based renderer module.  TextureTarget support enabled via FBO OGL 3.2 core implementation. ----
16/09/2019 14:46:54 (Std) 	---- XML Parser module is: CEGUI::ExpatParser - Official expat based parser module for CEGUI ----
16/09/2019 14:46:54 (Std) 	---- Image Codec module is: SILLYImageCodec - Official SILLY based image codec ----
16/09/2019 14:46:54 (Std) 	---- Scripting module is: None ----
16/09/2019 14:46:54 (Std) 	********************************************************************************
16/09/2019 14:46:54 (Std) 	* -------- END OF ESSENTIAL SECTION TO BE POSTED ON THE FORUM         -------- *
16/09/2019 14:46:54 (Std) 	********************************************************************************
16/09/2019 14:46:54 (Std) 	
16/09/2019 14:46:54 (Std) 	---- Begining CEGUI System initialisation ----
16/09/2019 14:46:54 (Std) 	[CEGUI::ImageManager] Singleton created (0A1153B8)
16/09/2019 14:46:54 (Std) 	[CEGUI::ImageManager] Registered Image type: BasicImage
16/09/2019 14:46:54 (Std) 	CEGUI::FontManager singleton created. (014D6BE8)
16/09/2019 14:46:54 (Std) 	CEGUI::WindowFactoryManager singleton created
16/09/2019 14:46:54 (Std) 	CEGUI::WindowManager singleton created (09FF2CF0)
16/09/2019 14:46:54 (Std) 	CEGUI::SchemeManager singleton created. (014D77B0)
16/09/2019 14:46:54 (Std) 	CEGUI::GlobalEventSet singleton created. (0A11DC48)
16/09/2019 14:46:54 (Std) 	CEGUI::AnimationManager singleton created (0A077368)
16/09/2019 14:46:54 (Std) 	CEGUI::WidgetLookManager singleton created. (0A07D838)
16/09/2019 14:46:54 (Std) 	CEGUI::WindowRendererManager singleton created (0A07D678)
16/09/2019 14:46:54 (Std) 	CEGUI::RenderEffectManager singleton created (0A11DA98)
16/09/2019 14:46:54 (Std) 	Created WindowFactory for 'DefaultWindow' windows.
16/09/2019 14:46:54 (Std) 	WindowFactory for 'DefaultWindow' windows added. (0A13CCB0)
16/09/2019 14:46:54 (Std) 	Created WindowFactory for 'DragContainer' windows.
16/09/2019 14:46:54 (Std) 	WindowFactory for 'DragContainer' windows added. (0A13C800)
16/09/2019 14:46:54 (Std) 	Created WindowFactory for 'ScrolledContainer' windows.
16/09/2019 14:46:54 (Std) 	WindowFactory for 'ScrolledContainer' windows added. (0A13C670)
16/09/2019 14:46:54 (Std) 	Created WindowFactory for 'ClippedContainer' windows.
16/09/2019 14:46:54 (Std) 	WindowFactory for 'ClippedContainer' windows added. (0A13C5A8)
16/09/2019 14:46:54 (Std) 	Created WindowFactory for 'CEGUI/PushButton' windows.
16/09/2019 14:46:54 (Std) 	WindowFactory for 'CEGUI/PushButton' windows added. (0A13CB20)
16/09/2019 14:46:54 (Std) 	Created WindowFactory for 'CEGUI/RadioButton' windows.
16/09/2019 14:46:54 (Std) 	WindowFactory for 'CEGUI/RadioButton' windows added. (0A13CBE8)
16/09/2019 14:46:54 (Std) 	Created WindowFactory for 'CEGUI/Combobox' windows.
16/09/2019 14:46:54 (Std) 	WindowFactory for 'CEGUI/Combobox' windows added. (0A13CD78)
16/09/2019 14:46:54 (Std) 	Created WindowFactory for 'CEGUI/ComboDropList' windows.
16/09/2019 14:46:54 (Std) 	WindowFactory for 'CEGUI/ComboDropList' windows added. (0A427C20)
16/09/2019 14:46:54 (Std) 	Created WindowFactory for 'CEGUI/Editbox' windows.
16/09/2019 14:46:54 (Std) 	WindowFactory for 'CEGUI/Editbox' windows added. (0A427388)
16/09/2019 14:46:54 (Std) 	Created WindowFactory for 'CEGUI/FrameWindow' windows.
16/09/2019 14:46:54 (Std) 	WindowFactory for 'CEGUI/FrameWindow' windows added. (0A4284B8)
16/09/2019 14:46:54 (Std) 	Created WindowFactory for 'CEGUI/ItemEntry' windows.
16/09/2019 14:46:54 (Std) 	WindowFactory for 'CEGUI/ItemEntry' windows added. (0A428580)
16/09/2019 14:46:54 (Std) 	Created WindowFactory for 'CEGUI/Listbox' windows.
16/09/2019 14:46:54 (Std) 	WindowFactory for 'CEGUI/Listbox' windows added. (0A428648)
16/09/2019 14:46:54 (Std) 	Created WindowFactory for 'CEGUI/ListHeader' windows.
16/09/2019 14:46:54 (Std) 	WindowFactory for 'CEGUI/ListHeader' windows added. (0A427F40)
16/09/2019 14:46:54 (Std) 	Created WindowFactory for 'CEGUI/ListHeaderSegment' windows.
16/09/2019 14:46:54 (Std) 	WindowFactory for 'CEGUI/ListHeaderSegment' windows added. (0A427450)
16/09/2019 14:46:54 (Std) 	Created WindowFactory for 'CEGUI/Menubar' windows.
16/09/2019 14:46:54 (Std) 	WindowFactory for 'CEGUI/Menubar' windows added. (0A4271F8)
16/09/2019 14:46:54 (Std) 	Created WindowFactory for 'CEGUI/PopupMenu' windows.
16/09/2019 14:46:54 (Std) 	WindowFactory for 'CEGUI/PopupMenu' windows added. (0A427838)
16/09/2019 14:46:54 (Std) 	Created WindowFactory for 'CEGUI/MenuItem' windows.
16/09/2019 14:46:54 (Std) 	WindowFactory for 'CEGUI/MenuItem' windows added. (0A428710)
16/09/2019 14:46:54 (Std) 	Created WindowFactory for 'CEGUI/MultiColumnList' windows.
16/09/2019 14:46:54 (Std) 	WindowFactory for 'CEGUI/MultiColumnList' windows added. (0A427518)
16/09/2019 14:46:54 (Std) 	Created WindowFactory for 'CEGUI/MultiLineEditbox' windows.
16/09/2019 14:46:54 (Std) 	WindowFactory for 'CEGUI/MultiLineEditbox' windows added. (0A4275E0)
16/09/2019 14:46:54 (Std) 	Created WindowFactory for 'CEGUI/ProgressBar' windows.
16/09/2019 14:46:54 (Std) 	WindowFactory for 'CEGUI/ProgressBar' windows added. (0A428260)
16/09/2019 14:46:54 (Std) 	Created WindowFactory for 'CEGUI/ScrollablePane' windows.
16/09/2019 14:46:54 (Std) 	WindowFactory for 'CEGUI/ScrollablePane' windows added. (0A427A90)
16/09/2019 14:46:54 (Std) 	Created WindowFactory for 'CEGUI/Scrollbar' windows.
16/09/2019 14:46:54 (Std) 	WindowFactory for 'CEGUI/Scrollbar' windows added. (0A4279C8)
16/09/2019 14:46:54 (Std) 	Created WindowFactory for 'CEGUI/Slider' windows.
16/09/2019 14:46:54 (Std) 	WindowFactory for 'CEGUI/Slider' windows added. (0A426FA0)
16/09/2019 14:46:54 (Std) 	Created WindowFactory for 'CEGUI/Spinner' windows.
16/09/2019 14:46:54 (Std) 	WindowFactory for 'CEGUI/Spinner' windows added. (0A4283F0)
16/09/2019 14:46:54 (Std) 	Created WindowFactory for 'CEGUI/TabButton' windows.
16/09/2019 14:46:54 (Std) 	WindowFactory for 'CEGUI/TabButton' windows added. (0A427DB0)
16/09/2019 14:46:54 (Std) 	Created WindowFactory for 'CEGUI/TabControl' windows.
16/09/2019 14:46:54 (Std) 	WindowFactory for 'CEGUI/TabControl' windows added. (0A4276A8)
16/09/2019 14:46:54 (Std) 	Created WindowFactory for 'CEGUI/Thumb' windows.
16/09/2019 14:46:54 (Std) 	WindowFactory for 'CEGUI/Thumb' windows added. (0A427E78)
16/09/2019 14:46:54 (Std) 	Created WindowFactory for 'CEGUI/Titlebar' windows.
16/09/2019 14:46:54 (Std) 	WindowFactory for 'CEGUI/Titlebar' windows added. (0A4287D8)
16/09/2019 14:46:54 (Std) 	Created WindowFactory for 'CEGUI/ToggleButton' windows.
16/09/2019 14:46:54 (Std) 	WindowFactory for 'CEGUI/ToggleButton' windows added. (0A427770)
16/09/2019 14:46:54 (Std) 	Created WindowFactory for 'CEGUI/Tooltip' windows.
16/09/2019 14:46:54 (Std) 	WindowFactory for 'CEGUI/Tooltip' windows added. (0A427068)
16/09/2019 14:46:54 (Std) 	Created WindowFactory for 'CEGUI/ItemListbox' windows.
16/09/2019 14:46:54 (Std) 	WindowFactory for 'CEGUI/ItemListbox' windows added. (0A427130)
16/09/2019 14:46:54 (Std) 	Created WindowFactory for 'CEGUI/GroupBox' windows.
16/09/2019 14:46:54 (Std) 	WindowFactory for 'CEGUI/GroupBox' windows added. (0A4272C0)
16/09/2019 14:46:54 (Std) 	Created WindowFactory for 'CEGUI/Tree' windows.
16/09/2019 14:46:54 (Std) 	WindowFactory for 'CEGUI/Tree' windows added. (0A427900)
16/09/2019 14:46:54 (Std) 	Created WindowFactory for 'LayoutCell' windows.
16/09/2019 14:46:54 (Std) 	WindowFactory for 'LayoutCell' windows added. (0A427B58)
16/09/2019 14:46:54 (Std) 	Created WindowFactory for 'HorizontalLayoutContainer' windows.
16/09/2019 14:46:54 (Std) 	WindowFactory for 'HorizontalLayoutContainer' windows added. (0A428008)
16/09/2019 14:46:54 (Std) 	Created WindowFactory for 'VerticalLayoutContainer' windows.
16/09/2019 14:46:54 (Std) 	WindowFactory for 'VerticalLayoutContainer' windows added. (0A427CE8)
16/09/2019 14:46:54 (Std) 	Created WindowFactory for 'GridLayoutContainer' windows.
16/09/2019 14:46:54 (Std) 	WindowFactory for 'GridLayoutContainer' windows added. (0A4280D0)
16/09/2019 14:46:54 (Std) 	CEGUI::System singleton created. (0A119CB0)
16/09/2019 14:46:54 (Std) 	---- CEGUI System initialisation completed ----
16/09/2019 14:46:54 (Std) 	
